2019-11-01 13:33:12,568 p=thor u=3410 | ERROR! vars file vars/main.yml was not found on the Ansible Controller.
If you are using a module and expect the file to exist on the remote, see the remote_src option
2019-11-01 13:33:33,647 p=thor u=3454 | PLAY [aws] ************************************************************************************************************************************************************************************************************************
2019-11-01 13:33:33,654 p=thor u=3454 | TASK [Gathering Facts] ************************************************************************************************************************************************************************************************************
2019-11-01 13:33:33,654 p=thor u=3454 | Friday 01 November 2019  13:33:33 +0700 (0:00:00.016)       0:00:00.016 ******* 
2019-11-01 13:33:33,671 p=thor u=3454 | fatal: [{ssh-host}]: UNREACHABLE! => {"changed": false, "msg": "Failed to connect to the host via ssh: ssh: Could not resolve hostname {ssh-host}: Name or service not known", "unreachable": true}
2019-11-01 13:33:33,671 p=thor u=3454 | PLAY RECAP ************************************************************************************************************************************************************************************************************************
2019-11-01 13:33:33,671 p=thor u=3454 | {ssh-host}                 : ok=0    changed=0    unreachable=1    failed=0    skipped=0    rescued=0    ignored=0   
2019-11-01 13:33:33,672 p=thor u=3454 | Friday 01 November 2019  13:33:33 +0700 (0:00:00.017)       0:00:00.034 ******* 
2019-11-01 13:33:33,672 p=thor u=3454 | =============================================================================== 
2019-11-01 13:33:33,672 p=thor u=3454 | Gathering Facts ------------------------------------------------------------------------------------------------------------------------------------------------------------------------------------------------------------ 0.02s
2019-11-01 13:34:04,645 p=thor u=3688 | PLAY [aws] ************************************************************************************************************************************************************************************************************************
2019-11-01 13:34:04,652 p=thor u=3688 | TASK [Gathering Facts] ************************************************************************************************************************************************************************************************************
2019-11-01 13:34:04,652 p=thor u=3688 | Friday 01 November 2019  13:34:04 +0700 (0:00:00.017)       0:00:00.017 ******* 
2019-11-01 13:34:09,288 p=thor u=3688 | ok: [aws-test-ansible]
2019-11-01 13:34:09,296 p=thor u=3688 | TASK [httpd : Copy site configs] **************************************************************************************************************************************************************************************************
2019-11-01 13:34:09,296 p=thor u=3688 | Friday 01 November 2019  13:34:09 +0700 (0:00:04.644)       0:00:04.661 ******* 
2019-11-01 13:34:09,990 p=thor u=3688 | failed: [aws-test-ansible] (item=/var/www/html/thor-test/auto-setup-deploy-aws-ami-1/auto-setup/roles/httpd/templates/site.j2) => {"ansible_loop_var": "item", "changed": false, "item": "/var/www/html/thor-test/auto-setup-deploy-aws-ami-1/auto-setup/roles/httpd/templates/site.j2", "msg": "AnsibleUndefinedVariable: 'add_www' is undefined"}
2019-11-01 13:34:09,995 p=thor u=3688 | PLAY RECAP ************************************************************************************************************************************************************************************************************************
2019-11-01 13:34:09,995 p=thor u=3688 | aws-test-ansible           : ok=1    changed=0    unreachable=0    failed=1    skipped=0    rescued=0    ignored=0   
2019-11-01 13:34:09,996 p=thor u=3688 | Friday 01 November 2019  13:34:09 +0700 (0:00:00.699)       0:00:05.360 ******* 
2019-11-01 13:34:09,996 p=thor u=3688 | =============================================================================== 
2019-11-01 13:34:09,997 p=thor u=3688 | Gathering Facts ------------------------------------------------------------------------------------------------------------------------------------------------------------------------------------------------------------ 4.64s
2019-11-01 13:34:09,997 p=thor u=3688 | httpd : Copy site configs -------------------------------------------------------------------------------------------------------------------------------------------------------------------------------------------------- 0.70s
2019-11-01 13:35:05,423 p=thor u=3996 | PLAY [aws] ************************************************************************************************************************************************************************************************************************
2019-11-01 13:35:05,430 p=thor u=3996 | TASK [Gathering Facts] ************************************************************************************************************************************************************************************************************
2019-11-01 13:35:05,430 p=thor u=3996 | Friday 01 November 2019  13:35:05 +0700 (0:00:00.016)       0:00:00.016 ******* 
2019-11-01 13:35:09,881 p=thor u=3996 | ok: [aws-test-ansible]
2019-11-01 13:35:09,890 p=thor u=3996 | TASK [httpd : Copy site configs] **************************************************************************************************************************************************************************************************
2019-11-01 13:35:09,890 p=thor u=3996 | Friday 01 November 2019  13:35:09 +0700 (0:00:04.460)       0:00:04.476 ******* 
2019-11-01 13:35:14,918 p=thor u=3996 | changed: [aws-test-ansible] => (item=/var/www/html/thor-test/auto-setup-deploy-aws-ami-1/auto-setup/roles/httpd/templates/site.j2)
2019-11-01 13:35:14,927 p=thor u=3996 | RUNNING HANDLER [httpd : Reload httpd] ********************************************************************************************************************************************************************************************
2019-11-01 13:35:14,927 p=thor u=3996 | Friday 01 November 2019  13:35:14 +0700 (0:00:05.036)       0:00:09.513 ******* 
2019-11-01 13:35:17,475 p=thor u=3996 | changed: [aws-test-ansible]
2019-11-01 13:35:17,480 p=thor u=3996 | PLAY RECAP ************************************************************************************************************************************************************************************************************************
2019-11-01 13:35:17,481 p=thor u=3996 | aws-test-ansible           : ok=3    changed=2    unreachable=0    failed=0    skipped=0    rescued=0    ignored=0   
2019-11-01 13:35:17,481 p=thor u=3996 | Friday 01 November 2019  13:35:17 +0700 (0:00:02.553)       0:00:12.067 ******* 
2019-11-01 13:35:17,482 p=thor u=3996 | =============================================================================== 
2019-11-01 13:35:17,482 p=thor u=3996 | httpd : Copy site configs -------------------------------------------------------------------------------------------------------------------------------------------------------------------------------------------------- 5.04s
2019-11-01 13:35:17,482 p=thor u=3996 | Gathering Facts ------------------------------------------------------------------------------------------------------------------------------------------------------------------------------------------------------------ 4.46s
2019-11-01 13:35:17,483 p=thor u=3996 | httpd : Reload httpd ------------------------------------------------------------------------------------------------------------------------------------------------------------------------------------------------------- 2.55s
2019-11-01 13:40:48,368 p=thor u=4753 | PLAY [aws] ************************************************************************************************************************************************************************************************************************
2019-11-01 13:40:48,375 p=thor u=4753 | TASK [Gathering Facts] ************************************************************************************************************************************************************************************************************
2019-11-01 13:40:48,375 p=thor u=4753 | Friday 01 November 2019  13:40:48 +0700 (0:00:00.017)       0:00:00.017 ******* 
2019-11-01 13:40:52,933 p=thor u=4753 | ok: [aws-test-ansible]
2019-11-01 13:40:52,942 p=thor u=4753 | TASK [httpd : Copy site configs] **************************************************************************************************************************************************************************************************
2019-11-01 13:40:52,942 p=thor u=4753 | Friday 01 November 2019  13:40:52 +0700 (0:00:04.566)       0:00:04.583 ******* 
2019-11-01 13:40:57,822 p=thor u=4753 | changed: [aws-test-ansible] => (item=/var/www/html/thor-test/auto-setup-deploy-aws-ami-1/auto-setup/roles/httpd/templates/site.j2)
2019-11-01 13:40:57,831 p=thor u=4753 | RUNNING HANDLER [httpd : Reload httpd] ********************************************************************************************************************************************************************************************
2019-11-01 13:40:57,831 p=thor u=4753 | Friday 01 November 2019  13:40:57 +0700 (0:00:04.889)       0:00:09.472 ******* 
2019-11-01 13:41:00,254 p=thor u=4753 | changed: [aws-test-ansible]
2019-11-01 13:41:00,257 p=thor u=4753 | PLAY RECAP ************************************************************************************************************************************************************************************************************************
2019-11-01 13:41:00,257 p=thor u=4753 | aws-test-ansible           : ok=3    changed=2    unreachable=0    failed=0    skipped=0    rescued=0    ignored=0   
2019-11-01 13:41:00,257 p=thor u=4753 | Friday 01 November 2019  13:41:00 +0700 (0:00:02.426)       0:00:11.899 ******* 
2019-11-01 13:41:00,257 p=thor u=4753 | =============================================================================== 
2019-11-01 13:41:00,257 p=thor u=4753 | httpd : Copy site configs -------------------------------------------------------------------------------------------------------------------------------------------------------------------------------------------------- 4.89s
2019-11-01 13:41:00,257 p=thor u=4753 | Gathering Facts ------------------------------------------------------------------------------------------------------------------------------------------------------------------------------------------------------------ 4.57s
2019-11-01 13:41:00,257 p=thor u=4753 | httpd : Reload httpd ------------------------------------------------------------------------------------------------------------------------------------------------------------------------------------------------------- 2.43s
2019-11-01 13:42:06,056 p=thor u=4902 | PLAY [aws] ************************************************************************************************************************************************************************************************************************
2019-11-01 13:42:06,063 p=thor u=4902 | TASK [Gathering Facts] ************************************************************************************************************************************************************************************************************
2019-11-01 13:42:06,063 p=thor u=4902 | Friday 01 November 2019  13:42:06 +0700 (0:00:00.016)       0:00:00.016 ******* 
2019-11-01 13:42:10,575 p=thor u=4902 | ok: [aws-test-ansible]
2019-11-01 13:42:10,584 p=thor u=4902 | TASK [httpd : Copy site configs] **************************************************************************************************************************************************************************************************
2019-11-01 13:42:10,585 p=thor u=4902 | Friday 01 November 2019  13:42:10 +0700 (0:00:04.521)       0:00:04.538 ******* 
2019-11-01 13:42:15,484 p=thor u=4902 | changed: [aws-test-ansible] => (item=/var/www/html/thor-test/auto-setup-deploy-aws-ami-1/auto-setup/roles/httpd/templates/laravel.j2)
2019-11-01 13:42:15,489 p=thor u=4902 | RUNNING HANDLER [httpd : Reload httpd] ********************************************************************************************************************************************************************************************
2019-11-01 13:42:15,489 p=thor u=4902 | Friday 01 November 2019  13:42:15 +0700 (0:00:04.904)       0:00:09.442 ******* 
2019-11-01 13:42:17,926 p=thor u=4902 | changed: [aws-test-ansible]
2019-11-01 13:42:17,929 p=thor u=4902 | PLAY RECAP ************************************************************************************************************************************************************************************************************************
2019-11-01 13:42:17,929 p=thor u=4902 | aws-test-ansible           : ok=3    changed=2    unreachable=0    failed=0    skipped=0    rescued=0    ignored=0   
2019-11-01 13:42:17,929 p=thor u=4902 | Friday 01 November 2019  13:42:17 +0700 (0:00:02.440)       0:00:11.882 ******* 
2019-11-01 13:42:17,929 p=thor u=4902 | =============================================================================== 
2019-11-01 13:42:17,929 p=thor u=4902 | httpd : Copy site configs -------------------------------------------------------------------------------------------------------------------------------------------------------------------------------------------------- 4.90s
2019-11-01 13:42:17,929 p=thor u=4902 | Gathering Facts ------------------------------------------------------------------------------------------------------------------------------------------------------------------------------------------------------------ 4.52s
2019-11-01 13:42:17,929 p=thor u=4902 | httpd : Reload httpd ------------------------------------------------------------------------------------------------------------------------------------------------------------------------------------------------------- 2.44s
2019-11-01 14:04:47,565 p=thor u=7682 | PLAY [aws] ************************************************************************************************************************************************************************************************************************
2019-11-01 14:04:47,572 p=thor u=7682 | TASK [Gathering Facts] ************************************************************************************************************************************************************************************************************
2019-11-01 14:04:47,573 p=thor u=7682 | Friday 01 November 2019  14:04:47 +0700 (0:00:00.017)       0:00:00.017 ******* 
2019-11-01 14:04:52,110 p=thor u=7682 | ok: [aws-test-ansible]
2019-11-01 14:04:52,123 p=thor u=7682 | TASK [httpd : Copy site configs] **************************************************************************************************************************************************************************************************
2019-11-01 14:04:52,123 p=thor u=7682 | Friday 01 November 2019  14:04:52 +0700 (0:00:04.550)       0:00:04.567 ******* 
2019-11-01 14:04:56,024 p=thor u=7682 | ok: [aws-test-ansible] => (item=/var/www/html/thor-test/auto-setup-deploy-aws-ami-1/auto-setup/roles/httpd/templates/laravel.j2)
2019-11-01 14:04:56,031 p=thor u=7682 | TASK [httpd : Update etc/hosts.] **************************************************************************************************************************************************************************************************
2019-11-01 14:04:56,031 p=thor u=7682 | Friday 01 November 2019  14:04:56 +0700 (0:00:03.907)       0:00:08.475 ******* 
2019-11-01 14:04:56,050 p=thor u=7682 | fatal: [aws-test-ansible]: FAILED! => {"msg": "template error while templating string: expected name or number. String: {{ hostvars[item].inventory_hostname }} {{ hostvars[item].{{ domain }} }}"}
2019-11-01 14:04:56,051 p=thor u=7682 | PLAY RECAP ************************************************************************************************************************************************************************************************************************
2019-11-01 14:04:56,051 p=thor u=7682 | aws-test-ansible           : ok=2    changed=0    unreachable=0    failed=1    skipped=0    rescued=0    ignored=0   
2019-11-01 14:04:56,051 p=thor u=7682 | Friday 01 November 2019  14:04:56 +0700 (0:00:00.019)       0:00:08.495 ******* 
2019-11-01 14:04:56,051 p=thor u=7682 | =============================================================================== 
2019-11-01 14:04:56,051 p=thor u=7682 | Gathering Facts ------------------------------------------------------------------------------------------------------------------------------------------------------------------------------------------------------------ 4.55s
2019-11-01 14:04:56,051 p=thor u=7682 | httpd : Copy site configs -------------------------------------------------------------------------------------------------------------------------------------------------------------------------------------------------- 3.91s
2019-11-01 14:04:56,051 p=thor u=7682 | httpd : Update etc/hosts. -------------------------------------------------------------------------------------------------------------------------------------------------------------------------------------------------- 0.02s
2019-11-01 14:07:47,784 p=thor u=8048 | PLAY [aws] ************************************************************************************************************************************************************************************************************************
2019-11-01 14:07:47,791 p=thor u=8048 | TASK [Gathering Facts] ************************************************************************************************************************************************************************************************************
2019-11-01 14:07:47,791 p=thor u=8048 | Friday 01 November 2019  14:07:47 +0700 (0:00:00.017)       0:00:00.017 ******* 
2019-11-01 14:07:52,266 p=thor u=8048 | ok: [aws-test-ansible]
2019-11-01 14:07:52,275 p=thor u=8048 | TASK [httpd : Copy site configs] **************************************************************************************************************************************************************************************************
2019-11-01 14:07:52,275 p=thor u=8048 | Friday 01 November 2019  14:07:52 +0700 (0:00:04.483)       0:00:04.500 ******* 
2019-11-01 14:07:53,778 p=thor u=8048 |  [ERROR]: User interrupted execution

2019-11-01 14:08:01,623 p=thor u=8113 | PLAY [aws] ************************************************************************************************************************************************************************************************************************
2019-11-01 14:08:01,630 p=thor u=8113 | TASK [Gathering Facts] ************************************************************************************************************************************************************************************************************
2019-11-01 14:08:01,631 p=thor u=8113 | Friday 01 November 2019  14:08:01 +0700 (0:00:00.016)       0:00:00.016 ******* 
2019-11-01 14:08:05,047 p=thor u=8113 | ok: [aws-test-ansible]
2019-11-01 14:08:05,061 p=thor u=8113 | TASK [httpd : Copy site configs] **************************************************************************************************************************************************************************************************
2019-11-01 14:08:05,061 p=thor u=8113 | Friday 01 November 2019  14:08:05 +0700 (0:00:03.430)       0:00:03.447 ******* 
2019-11-01 14:08:08,845 p=thor u=8113 | ok: [aws-test-ansible] => (item=/var/www/html/thor-test/auto-setup-deploy-aws-ami-1/auto-setup/roles/httpd/templates/laravel.j2)
2019-11-01 14:08:08,872 p=thor u=8113 | TASK [httpd : Update etc/hosts.] **************************************************************************************************************************************************************************************************
2019-11-01 14:08:08,872 p=thor u=8113 | Friday 01 November 2019  14:08:08 +0700 (0:00:03.811)       0:00:07.258 ******* 
2019-11-01 14:08:08,888 p=thor u=8113 | fatal: [aws-test-ansible]: FAILED! => {"msg": "The task includes an option with an undefined variable. The error was: 'item' is undefined\n\nThe error appears to be in '/var/www/html/thor-test/auto-setup-deploy-aws-ami-1/auto-setup/roles/httpd/tasks/main.yml': line 15, column 3, but may\nbe elsewhere in the file depending on the exact syntax problem.\n\nThe offending line appears to be:\n\n\n- name: Update etc/hosts.\n  ^ here\n"}
2019-11-01 14:08:08,889 p=thor u=8113 | PLAY RECAP ************************************************************************************************************************************************************************************************************************
2019-11-01 14:08:08,889 p=thor u=8113 | aws-test-ansible           : ok=2    changed=0    unreachable=0    failed=1    skipped=0    rescued=0    ignored=0   
2019-11-01 14:08:08,889 p=thor u=8113 | Friday 01 November 2019  14:08:08 +0700 (0:00:00.016)       0:00:07.275 ******* 
2019-11-01 14:08:08,889 p=thor u=8113 | =============================================================================== 
2019-11-01 14:08:08,889 p=thor u=8113 | httpd : Copy site configs -------------------------------------------------------------------------------------------------------------------------------------------------------------------------------------------------- 3.81s
2019-11-01 14:08:08,889 p=thor u=8113 | Gathering Facts ------------------------------------------------------------------------------------------------------------------------------------------------------------------------------------------------------------ 3.43s
2019-11-01 14:08:08,889 p=thor u=8113 | httpd : Update etc/hosts. -------------------------------------------------------------------------------------------------------------------------------------------------------------------------------------------------- 0.02s
2019-11-01 14:09:04,110 p=thor u=8336 | PLAY [aws] ************************************************************************************************************************************************************************************************************************
2019-11-01 14:09:04,117 p=thor u=8336 | TASK [Gathering Facts] ************************************************************************************************************************************************************************************************************
2019-11-01 14:09:04,117 p=thor u=8336 | Friday 01 November 2019  14:09:04 +0700 (0:00:00.016)       0:00:00.016 ******* 
2019-11-01 14:09:07,542 p=thor u=8336 | ok: [aws-test-ansible]
2019-11-01 14:09:07,562 p=thor u=8336 | TASK [httpd : Copy site configs] **************************************************************************************************************************************************************************************************
2019-11-01 14:09:07,562 p=thor u=8336 | Friday 01 November 2019  14:09:07 +0700 (0:00:03.444)       0:00:03.461 ******* 
2019-11-01 14:09:11,400 p=thor u=8336 | ok: [aws-test-ansible] => (item=/var/www/html/thor-test/auto-setup-deploy-aws-ami-1/auto-setup/roles/httpd/templates/laravel.j2)
2019-11-01 14:09:11,430 p=thor u=8336 | TASK [httpd : Update etc/hosts.] **************************************************************************************************************************************************************************************************
2019-11-01 14:09:11,430 p=thor u=8336 | Friday 01 November 2019  14:09:11 +0700 (0:00:03.868)       0:00:07.329 ******* 
2019-11-01 14:09:11,459 p=thor u=8336 | fatal: [aws-test-ansible]: FAILED! => {"msg": "The task includes an option with an undefined variable. The error was: 'item' is undefined\n\nThe error appears to be in '/var/www/html/thor-test/auto-setup-deploy-aws-ami-1/auto-setup/roles/httpd/tasks/main.yml': line 15, column 3, but may\nbe elsewhere in the file depending on the exact syntax problem.\n\nThe offending line appears to be:\n\n\n- name: Update etc/hosts.\n  ^ here\n"}
2019-11-01 14:09:11,461 p=thor u=8336 | PLAY RECAP ************************************************************************************************************************************************************************************************************************
2019-11-01 14:09:11,461 p=thor u=8336 | aws-test-ansible           : ok=2    changed=0    unreachable=0    failed=1    skipped=0    rescued=0    ignored=0   
2019-11-01 14:09:11,461 p=thor u=8336 | Friday 01 November 2019  14:09:11 +0700 (0:00:00.030)       0:00:07.360 ******* 
2019-11-01 14:09:11,461 p=thor u=8336 | =============================================================================== 
2019-11-01 14:09:11,461 p=thor u=8336 | httpd : Copy site configs -------------------------------------------------------------------------------------------------------------------------------------------------------------------------------------------------- 3.87s
2019-11-01 14:09:11,461 p=thor u=8336 | Gathering Facts ------------------------------------------------------------------------------------------------------------------------------------------------------------------------------------------------------------ 3.45s
2019-11-01 14:09:11,462 p=thor u=8336 | httpd : Update etc/hosts. -------------------------------------------------------------------------------------------------------------------------------------------------------------------------------------------------- 0.03s
2019-11-01 14:09:20,019 p=thor u=8397 | PLAY [aws] ************************************************************************************************************************************************************************************************************************
2019-11-01 14:09:20,026 p=thor u=8397 | TASK [Gathering Facts] ************************************************************************************************************************************************************************************************************
2019-11-01 14:09:20,026 p=thor u=8397 | Friday 01 November 2019  14:09:20 +0700 (0:00:00.016)       0:00:00.016 ******* 
2019-11-01 14:09:23,462 p=thor u=8397 | ok: [aws-test-ansible]
2019-11-01 14:09:23,474 p=thor u=8397 | TASK [httpd : Copy site configs] **************************************************************************************************************************************************************************************************
2019-11-01 14:09:23,474 p=thor u=8397 | Friday 01 November 2019  14:09:23 +0700 (0:00:03.448)       0:00:03.464 ******* 
2019-11-01 14:09:27,296 p=thor u=8397 | ok: [aws-test-ansible] => (item=/var/www/html/thor-test/auto-setup-deploy-aws-ami-1/auto-setup/roles/httpd/templates/laravel.j2)
2019-11-01 14:09:27,328 p=thor u=8397 | TASK [httpd : Update etc/hosts.] **************************************************************************************************************************************************************************************************
2019-11-01 14:09:27,328 p=thor u=8397 | Friday 01 November 2019  14:09:27 +0700 (0:00:03.853)       0:00:07.318 ******* 
2019-11-01 14:09:27,356 p=thor u=8397 | fatal: [aws-test-ansible]: FAILED! => {"msg": "The task includes an option with an undefined variable. The error was: 'item' is undefined\n\nThe error appears to be in '/var/www/html/thor-test/auto-setup-deploy-aws-ami-1/auto-setup/roles/httpd/tasks/main.yml': line 15, column 3, but may\nbe elsewhere in the file depending on the exact syntax problem.\n\nThe offending line appears to be:\n\n\n- name: Update etc/hosts.\n  ^ here\n"}
2019-11-01 14:09:27,357 p=thor u=8397 | PLAY RECAP ************************************************************************************************************************************************************************************************************************
2019-11-01 14:09:27,357 p=thor u=8397 | aws-test-ansible           : ok=2    changed=0    unreachable=0    failed=1    skipped=0    rescued=0    ignored=0   
2019-11-01 14:09:27,357 p=thor u=8397 | Friday 01 November 2019  14:09:27 +0700 (0:00:00.029)       0:00:07.347 ******* 
2019-11-01 14:09:27,357 p=thor u=8397 | =============================================================================== 
2019-11-01 14:09:27,358 p=thor u=8397 | httpd : Copy site configs -------------------------------------------------------------------------------------------------------------------------------------------------------------------------------------------------- 3.85s
2019-11-01 14:09:27,358 p=thor u=8397 | Gathering Facts ------------------------------------------------------------------------------------------------------------------------------------------------------------------------------------------------------------ 3.45s
2019-11-01 14:09:27,358 p=thor u=8397 | httpd : Update etc/hosts. -------------------------------------------------------------------------------------------------------------------------------------------------------------------------------------------------- 0.03s
2019-11-01 14:11:38,420 p=thor u=8631 | PLAY [aws] ************************************************************************************************************************************************************************************************************************
2019-11-01 14:11:38,427 p=thor u=8631 | TASK [Gathering Facts] ************************************************************************************************************************************************************************************************************
2019-11-01 14:11:38,427 p=thor u=8631 | Friday 01 November 2019  14:11:38 +0700 (0:00:00.016)       0:00:00.016 ******* 
2019-11-01 14:11:42,933 p=thor u=8631 | ok: [aws-test-ansible]
2019-11-01 14:11:42,942 p=thor u=8631 | TASK [httpd : Copy site configs] **************************************************************************************************************************************************************************************************
2019-11-01 14:11:42,942 p=thor u=8631 | Friday 01 November 2019  14:11:42 +0700 (0:00:04.514)       0:00:04.531 ******* 
2019-11-01 14:11:46,763 p=thor u=8631 | ok: [aws-test-ansible] => (item=/var/www/html/thor-test/auto-setup-deploy-aws-ami-1/auto-setup/roles/httpd/templates/laravel.j2)
2019-11-01 14:11:46,770 p=thor u=8631 | TASK [httpd : Update etc/hosts.] **************************************************************************************************************************************************************************************************
2019-11-01 14:11:46,770 p=thor u=8631 | Friday 01 November 2019  14:11:46 +0700 (0:00:03.828)       0:00:08.359 ******* 
2019-11-01 14:11:46,784 p=thor u=8631 | fatal: [aws-test-ansible]: FAILED! => {"msg": "The task includes an option with an undefined variable. The error was: 'item' is undefined\n\nThe error appears to be in '/var/www/html/thor-test/auto-setup-deploy-aws-ami-1/auto-setup/roles/httpd/tasks/main.yml': line 15, column 3, but may\nbe elsewhere in the file depending on the exact syntax problem.\n\nThe offending line appears to be:\n\n\n- name: Update etc/hosts.\n  ^ here\n"}
2019-11-01 14:11:46,785 p=thor u=8631 | PLAY RECAP ************************************************************************************************************************************************************************************************************************
2019-11-01 14:11:46,785 p=thor u=8631 | aws-test-ansible           : ok=2    changed=0    unreachable=0    failed=1    skipped=0    rescued=0    ignored=0   
2019-11-01 14:11:46,785 p=thor u=8631 | Friday 01 November 2019  14:11:46 +0700 (0:00:00.014)       0:00:08.374 ******* 
2019-11-01 14:11:46,785 p=thor u=8631 | =============================================================================== 
2019-11-01 14:11:46,786 p=thor u=8631 | Gathering Facts ------------------------------------------------------------------------------------------------------------------------------------------------------------------------------------------------------------ 4.51s
2019-11-01 14:11:46,786 p=thor u=8631 | httpd : Copy site configs -------------------------------------------------------------------------------------------------------------------------------------------------------------------------------------------------- 3.83s
2019-11-01 14:11:46,786 p=thor u=8631 | httpd : Update etc/hosts. -------------------------------------------------------------------------------------------------------------------------------------------------------------------------------------------------- 0.02s
2019-11-01 14:15:18,065 p=thor u=9059 | PLAY [aws] ************************************************************************************************************************************************************************************************************************
2019-11-01 14:15:18,073 p=thor u=9059 | TASK [Gathering Facts] ************************************************************************************************************************************************************************************************************
2019-11-01 14:15:18,073 p=thor u=9059 | Friday 01 November 2019  14:15:18 +0700 (0:00:00.017)       0:00:00.017 ******* 
2019-11-01 14:15:24,238 p=thor u=9059 | ok: [aws-test-ansible]
2019-11-01 14:15:24,254 p=thor u=9059 | TASK [httpd : Copy site configs] **************************************************************************************************************************************************************************************************
2019-11-01 14:15:24,254 p=thor u=9059 | Friday 01 November 2019  14:15:24 +0700 (0:00:06.181)       0:00:06.198 ******* 
2019-11-01 14:15:28,447 p=thor u=9059 | ok: [aws-test-ansible] => (item=/var/www/html/thor-test/auto-setup-deploy-aws-ami-1/auto-setup/roles/httpd/templates/laravel.j2)
2019-11-01 14:15:28,479 p=thor u=9059 | TASK [httpd : Update etc/hosts.] **************************************************************************************************************************************************************************************************
2019-11-01 14:15:28,479 p=thor u=9059 | Friday 01 November 2019  14:15:28 +0700 (0:00:04.224)       0:00:10.423 ******* 
2019-11-01 14:15:30,776 p=thor u=9059 | changed: [aws-test-ansible] => (item=aws-test-ansible)
2019-11-01 14:15:30,785 p=thor u=9059 | RUNNING HANDLER [httpd : Reload httpd] ********************************************************************************************************************************************************************************************
2019-11-01 14:15:30,785 p=thor u=9059 | Friday 01 November 2019  14:15:30 +0700 (0:00:02.306)       0:00:12.729 ******* 
2019-11-01 14:15:33,216 p=thor u=9059 | changed: [aws-test-ansible]
2019-11-01 14:15:33,220 p=thor u=9059 | PLAY RECAP ************************************************************************************************************************************************************************************************************************
2019-11-01 14:15:33,221 p=thor u=9059 | aws-test-ansible           : ok=4    changed=2    unreachable=0    failed=0    skipped=0    rescued=0    ignored=0   
2019-11-01 14:15:33,221 p=thor u=9059 | Friday 01 November 2019  14:15:33 +0700 (0:00:02.435)       0:00:15.165 ******* 
2019-11-01 14:15:33,222 p=thor u=9059 | =============================================================================== 
2019-11-01 14:15:33,222 p=thor u=9059 | Gathering Facts ------------------------------------------------------------------------------------------------------------------------------------------------------------------------------------------------------------ 6.18s
2019-11-01 14:15:33,222 p=thor u=9059 | httpd : Copy site configs -------------------------------------------------------------------------------------------------------------------------------------------------------------------------------------------------- 4.23s
2019-11-01 14:15:33,223 p=thor u=9059 | httpd : Reload httpd ------------------------------------------------------------------------------------------------------------------------------------------------------------------------------------------------------- 2.44s
2019-11-01 14:15:33,223 p=thor u=9059 | httpd : Update etc/hosts. -------------------------------------------------------------------------------------------------------------------------------------------------------------------------------------------------- 2.31s
2019-11-01 14:16:16,656 p=thor u=9196 | PLAY [aws] ************************************************************************************************************************************************************************************************************************
2019-11-01 14:16:16,664 p=thor u=9196 | TASK [Gathering Facts] ************************************************************************************************************************************************************************************************************
2019-11-01 14:16:16,664 p=thor u=9196 | Friday 01 November 2019  14:16:16 +0700 (0:00:00.017)       0:00:00.017 ******* 
2019-11-01 14:16:20,038 p=thor u=9196 | ok: [aws-test-ansible]
2019-11-01 14:16:20,050 p=thor u=9196 | TASK [httpd : Copy site configs] **************************************************************************************************************************************************************************************************
2019-11-01 14:16:20,050 p=thor u=9196 | Friday 01 November 2019  14:16:20 +0700 (0:00:03.386)       0:00:03.403 ******* 
2019-11-01 14:16:23,855 p=thor u=9196 | ok: [aws-test-ansible] => (item=/var/www/html/thor-test/auto-setup-deploy-aws-ami-1/auto-setup/roles/httpd/templates/laravel.j2)
2019-11-01 14:16:23,862 p=thor u=9196 | TASK [httpd : Update etc/hosts.] **************************************************************************************************************************************************************************************************
2019-11-01 14:16:23,862 p=thor u=9196 | Friday 01 November 2019  14:16:23 +0700 (0:00:03.812)       0:00:07.215 ******* 
2019-11-01 14:16:26,261 p=thor u=9196 | changed: [aws-test-ansible] => (item=aws-test-ansible)
2019-11-01 14:16:26,263 p=thor u=9196 | RUNNING HANDLER [httpd : Reload httpd] ********************************************************************************************************************************************************************************************
2019-11-01 14:16:26,263 p=thor u=9196 | Friday 01 November 2019  14:16:26 +0700 (0:00:02.400)       0:00:09.616 ******* 
2019-11-01 14:16:29,055 p=thor u=9196 | changed: [aws-test-ansible]
2019-11-01 14:16:29,058 p=thor u=9196 | PLAY RECAP ************************************************************************************************************************************************************************************************************************
2019-11-01 14:16:29,058 p=thor u=9196 | aws-test-ansible           : ok=4    changed=2    unreachable=0    failed=0    skipped=0    rescued=0    ignored=0   
2019-11-01 14:16:29,058 p=thor u=9196 | Friday 01 November 2019  14:16:29 +0700 (0:00:02.794)       0:00:12.411 ******* 
2019-11-01 14:16:29,058 p=thor u=9196 | =============================================================================== 
2019-11-01 14:16:29,058 p=thor u=9196 | httpd : Copy site configs -------------------------------------------------------------------------------------------------------------------------------------------------------------------------------------------------- 3.81s
2019-11-01 14:16:29,058 p=thor u=9196 | Gathering Facts ------------------------------------------------------------------------------------------------------------------------------------------------------------------------------------------------------------ 3.39s
2019-11-01 14:16:29,058 p=thor u=9196 | httpd : Reload httpd ------------------------------------------------------------------------------------------------------------------------------------------------------------------------------------------------------- 2.80s
2019-11-01 14:16:29,059 p=thor u=9196 | httpd : Update etc/hosts. -------------------------------------------------------------------------------------------------------------------------------------------------------------------------------------------------- 2.40s
2019-11-01 14:17:12,597 p=thor u=9340 | PLAY [aws] ************************************************************************************************************************************************************************************************************************
2019-11-01 14:17:12,604 p=thor u=9340 | TASK [Gathering Facts] ************************************************************************************************************************************************************************************************************
2019-11-01 14:17:12,604 p=thor u=9340 | Friday 01 November 2019  14:17:12 +0700 (0:00:00.016)       0:00:00.016 ******* 
2019-11-01 14:17:16,809 p=thor u=9340 | ok: [aws-test-ansible]
2019-11-01 14:17:16,818 p=thor u=9340 | TASK [httpd : Copy site configs] **************************************************************************************************************************************************************************************************
2019-11-01 14:17:16,818 p=thor u=9340 | Friday 01 November 2019  14:17:16 +0700 (0:00:04.213)       0:00:04.230 ******* 
2019-11-01 14:17:20,964 p=thor u=9340 | ok: [aws-test-ansible] => (item=/var/www/html/thor-test/auto-setup-deploy-aws-ami-1/auto-setup/roles/httpd/templates/laravel.j2)
2019-11-01 14:17:20,993 p=thor u=9340 | TASK [httpd : Update etc/hosts.] **************************************************************************************************************************************************************************************************
2019-11-01 14:17:20,993 p=thor u=9340 | Friday 01 November 2019  14:17:20 +0700 (0:00:04.174)       0:00:08.405 ******* 
2019-11-01 14:17:23,819 p=thor u=9340 | changed: [aws-test-ansible] => (item=aws-test-ansible)
2019-11-01 14:17:23,828 p=thor u=9340 | RUNNING HANDLER [httpd : Reload httpd] ********************************************************************************************************************************************************************************************
2019-11-01 14:17:23,828 p=thor u=9340 | Friday 01 November 2019  14:17:23 +0700 (0:00:02.834)       0:00:11.240 ******* 
2019-11-01 14:17:26,882 p=thor u=9340 | changed: [aws-test-ansible]
2019-11-01 14:17:26,886 p=thor u=9340 | PLAY RECAP ************************************************************************************************************************************************************************************************************************
2019-11-01 14:17:26,886 p=thor u=9340 | aws-test-ansible           : ok=4    changed=2    unreachable=0    failed=0    skipped=0    rescued=0    ignored=0   
2019-11-01 14:17:26,886 p=thor u=9340 | Friday 01 November 2019  14:17:26 +0700 (0:00:03.058)       0:00:14.298 ******* 
2019-11-01 14:17:26,886 p=thor u=9340 | =============================================================================== 
2019-11-01 14:17:26,886 p=thor u=9340 | Gathering Facts ------------------------------------------------------------------------------------------------------------------------------------------------------------------------------------------------------------ 4.21s
2019-11-01 14:17:26,886 p=thor u=9340 | httpd : Copy site configs -------------------------------------------------------------------------------------------------------------------------------------------------------------------------------------------------- 4.18s
2019-11-01 14:17:26,886 p=thor u=9340 | httpd : Reload httpd ------------------------------------------------------------------------------------------------------------------------------------------------------------------------------------------------------- 3.06s
2019-11-01 14:17:26,886 p=thor u=9340 | httpd : Update etc/hosts. -------------------------------------------------------------------------------------------------------------------------------------------------------------------------------------------------- 2.84s
2019-11-01 14:21:33,343 p=thor u=9923 | PLAY [aws] ************************************************************************************************************************************************************************************************************************
2019-11-01 14:21:33,350 p=thor u=9923 | TASK [Gathering Facts] ************************************************************************************************************************************************************************************************************
2019-11-01 14:21:33,351 p=thor u=9923 | Friday 01 November 2019  14:21:33 +0700 (0:00:00.016)       0:00:00.016 ******* 
2019-11-01 14:21:53,899 p=thor u=9923 | ok: [aws-test-ansible]
2019-11-01 14:21:53,914 p=thor u=9923 | TASK [update aws] *****************************************************************************************************************************************************************************************************************
2019-11-01 14:21:53,914 p=thor u=9923 | Friday 01 November 2019  14:21:53 +0700 (0:00:20.563)       0:00:20.579 ******* 
2019-11-01 14:22:33,599 p=thor u=9923 | [WARNING]: Consider using the yum module rather than running 'yum'.  If you need to use command because yum is insufficient you can add 'warn: false' to this command task or set 'command_warnings=False' in ansible.cfg to get
rid of this message.

2019-11-01 14:22:33,600 p=thor u=9923 | changed: [aws-test-ansible]
2019-11-01 14:22:33,606 p=thor u=9923 | TASK [Install remirepo aws] *******************************************************************************************************************************************************************************************************
2019-11-01 14:22:33,606 p=thor u=9923 | Friday 01 November 2019  14:22:33 +0700 (0:00:39.692)       0:01:00.272 ******* 
2019-11-01 14:22:47,073 p=thor u=9923 | changed: [aws-test-ansible]
2019-11-01 14:22:47,091 p=thor u=9923 | TASK [Install composer] ***********************************************************************************************************************************************************************************************************
2019-11-01 14:22:47,091 p=thor u=9923 | Friday 01 November 2019  14:22:47 +0700 (0:00:13.484)       0:01:13.757 ******* 
2019-11-01 14:23:13,712 p=thor u=9923 | [WARNING]: Consider using the get_url or uri module rather than running 'curl'.  If you need to use command because get_url or uri is insufficient you can add 'warn: false' to this command task or set 'command_warnings=False'
in ansible.cfg to get rid of this message.

2019-11-01 14:23:13,713 p=thor u=9923 | changed: [aws-test-ansible]
2019-11-01 14:23:13,720 p=thor u=9923 | TASK [Install Node.js] ************************************************************************************************************************************************************************************************************
2019-11-01 14:23:13,720 p=thor u=9923 | Friday 01 November 2019  14:23:13 +0700 (0:00:26.628)       0:01:40.385 ******* 
2019-11-01 14:23:31,816 p=thor u=9923 | changed: [aws-test-ansible]
2019-11-01 14:23:31,845 p=thor u=9923 | TASK [Install httpd] **************************************************************************************************************************************************************************************************************
2019-11-01 14:23:31,845 p=thor u=9923 | Friday 01 November 2019  14:23:31 +0700 (0:00:18.125)       0:01:58.510 ******* 
2019-11-01 14:23:35,371 p=thor u=9923 | changed: [aws-test-ansible]
2019-11-01 14:23:35,377 p=thor u=9923 | PLAY RECAP ************************************************************************************************************************************************************************************************************************
2019-11-01 14:23:35,377 p=thor u=9923 | aws-test-ansible           : ok=6    changed=5    unreachable=0    failed=0    skipped=0    rescued=0    ignored=0   
2019-11-01 14:23:35,378 p=thor u=9923 | Friday 01 November 2019  14:23:35 +0700 (0:00:03.532)       0:02:02.043 ******* 
2019-11-01 14:23:35,378 p=thor u=9923 | =============================================================================== 
2019-11-01 14:23:35,378 p=thor u=9923 | update aws ---------------------------------------------------------------------------------------------------------------------------------------------------------------------------------------------------------------- 39.69s
2019-11-01 14:23:35,379 p=thor u=9923 | Install composer ---------------------------------------------------------------------------------------------------------------------------------------------------------------------------------------------------------- 26.63s
2019-11-01 14:23:35,379 p=thor u=9923 | Gathering Facts ----------------------------------------------------------------------------------------------------------------------------------------------------------------------------------------------------------- 20.56s
2019-11-01 14:23:35,379 p=thor u=9923 | Install Node.js ----------------------------------------------------------------------------------------------------------------------------------------------------------------------------------------------------------- 18.13s
2019-11-01 14:23:35,380 p=thor u=9923 | Install remirepo aws ------------------------------------------------------------------------------------------------------------------------------------------------------------------------------------------------------ 13.48s
2019-11-01 14:23:35,380 p=thor u=9923 | Install httpd -------------------------------------------------------------------------------------------------------------------------------------------------------------------------------------------------------------- 3.53s
2019-11-01 14:27:09,957 p=thor u=10665 | PLAY [aws] ****************************************************************************************************************************************************************************************************************************************************
2019-11-01 14:27:09,964 p=thor u=10665 | TASK [Gathering Facts] ****************************************************************************************************************************************************************************************************************************************
2019-11-01 14:27:09,964 p=thor u=10665 | Friday 01 November 2019  14:27:09 +0700 (0:00:00.016)       0:00:00.016 ******* 
2019-11-01 14:27:15,306 p=thor u=10665 | ok: [aws-test-ansible]
2019-11-01 14:27:15,315 p=thor u=10665 | TASK [httpd : Copy site configs] ******************************************************************************************************************************************************************************************************************************
2019-11-01 14:27:15,315 p=thor u=10665 | Friday 01 November 2019  14:27:15 +0700 (0:00:05.350)       0:00:05.367 ******* 
2019-11-01 14:27:20,645 p=thor u=10665 | changed: [aws-test-ansible] => (item=/var/www/html/thor-test/auto-setup-deploy-aws-ami-1/auto-setup/roles/httpd/templates/laravel.j2)
2019-11-01 14:27:20,654 p=thor u=10665 | TASK [httpd : Update etc/hosts.] ******************************************************************************************************************************************************************************************************************************
2019-11-01 14:27:20,654 p=thor u=10665 | Friday 01 November 2019  14:27:20 +0700 (0:00:05.339)       0:00:10.706 ******* 
2019-11-01 14:27:23,386 p=thor u=10665 | changed: [aws-test-ansible] => (item=aws-test-ansible)
2019-11-01 14:27:23,388 p=thor u=10665 | RUNNING HANDLER [httpd : Reload httpd] ************************************************************************************************************************************************************************************************************************
2019-11-01 14:27:23,388 p=thor u=10665 | Friday 01 November 2019  14:27:23 +0700 (0:00:02.733)       0:00:13.440 ******* 
2019-11-01 14:27:26,038 p=thor u=10665 | changed: [aws-test-ansible]
2019-11-01 14:27:26,043 p=thor u=10665 | PLAY RECAP ****************************************************************************************************************************************************************************************************************************************************
2019-11-01 14:27:26,044 p=thor u=10665 | aws-test-ansible           : ok=4    changed=3    unreachable=0    failed=0    skipped=0    rescued=0    ignored=0   
2019-11-01 14:27:26,044 p=thor u=10665 | Friday 01 November 2019  14:27:26 +0700 (0:00:02.656)       0:00:16.096 ******* 
2019-11-01 14:27:26,044 p=thor u=10665 | =============================================================================== 
2019-11-01 14:27:26,045 p=thor u=10665 | Gathering Facts ---------------------------------------------------------------------------------------------------------------------------------------------------------------------------------------------------------------------------------------- 5.35s
2019-11-01 14:27:26,045 p=thor u=10665 | httpd : Copy site configs ------------------------------------------------------------------------------------------------------------------------------------------------------------------------------------------------------------------------------ 5.34s
2019-11-01 14:27:26,045 p=thor u=10665 | httpd : Update etc/hosts. ------------------------------------------------------------------------------------------------------------------------------------------------------------------------------------------------------------------------------ 2.73s
2019-11-01 14:27:26,046 p=thor u=10665 | httpd : Reload httpd ----------------------------------------------------------------------------------------------------------------------------------------------------------------------------------------------------------------------------------- 2.66s
2019-11-01 14:31:20,080 p=thor u=11068 | PLAY [aws] ****************************************************************************************************************************************************************************************************************************************************
2019-11-01 14:31:20,088 p=thor u=11068 | TASK [Gathering Facts] ****************************************************************************************************************************************************************************************************************************************
2019-11-01 14:31:20,088 p=thor u=11068 | Friday 01 November 2019  14:31:20 +0700 (0:00:00.016)       0:00:00.016 ******* 
2019-11-01 14:31:25,056 p=thor u=11068 | ok: [aws-test-ansible]
2019-11-01 14:31:25,072 p=thor u=11068 | TASK [httpd : Copy site configs] ******************************************************************************************************************************************************************************************************************************
2019-11-01 14:31:25,073 p=thor u=11068 | Friday 01 November 2019  14:31:25 +0700 (0:00:04.984)       0:00:05.001 ******* 
2019-11-01 14:31:26,607 p=thor u=11068 |  [ERROR]: User interrupted execution

2019-11-01 14:31:44,083 p=thor u=11131 | PLAY [aws] ****************************************************************************************************************************************************************************************************************************************************
2019-11-01 14:31:44,090 p=thor u=11131 | TASK [Gathering Facts] ****************************************************************************************************************************************************************************************************************************************
2019-11-01 14:31:47,641 p=thor u=11131 | ok: [aws-test-ansible]
2019-11-01 14:31:47,649 p=thor u=11131 | TASK [httpd : Copy site configs] ******************************************************************************************************************************************************************************************************************************
2019-11-01 14:31:51,880 p=thor u=11131 | ok: [aws-test-ansible] => (item=/var/www/html/thor-test/auto-setup-deploy-aws-ami-1/auto-setup/roles/httpd/templates/laravel.j2)
2019-11-01 14:31:51,887 p=thor u=11131 | TASK [httpd : Update etc/hosts.] ******************************************************************************************************************************************************************************************************************************
2019-11-01 14:31:54,339 p=thor u=11131 | changed: [aws-test-ansible] => (item=aws-test-ansible)
2019-11-01 14:31:54,343 p=thor u=11131 | RUNNING HANDLER [httpd : Reload httpd] ************************************************************************************************************************************************************************************************************************
2019-11-01 14:31:57,819 p=thor u=11131 | changed: [aws-test-ansible]
2019-11-01 14:31:57,822 p=thor u=11131 | PLAY RECAP ****************************************************************************************************************************************************************************************************************************************************
2019-11-01 14:31:57,822 p=thor u=11131 | aws-test-ansible           : ok=4    changed=2    unreachable=0    failed=0    skipped=0    rescued=0    ignored=0   
